mode: atomic
ramp/internal/ports/ports.go:24.94,25.19 1 4
ramp/internal/ports/ports.go:25.19,27.3 1 0
ramp/internal/ports/ports.go:28.2,28.19 1 4
ramp/internal/ports/ports.go:28.19,30.3 1 0
ramp/internal/ports/ports.go:32.2,41.34 3 4
ramp/internal/ports/ports.go:41.34,43.3 1 0
ramp/internal/ports/ports.go:45.2,45.16 1 4
ramp/internal/ports/ports.go:48.41,49.56 1 4
ramp/internal/ports/ports.go:49.56,52.3 1 3
ramp/internal/ports/ports.go:54.2,55.16 2 1
ramp/internal/ports/ports.go:55.16,57.3 1 0
ramp/internal/ports/ports.go:59.2,59.20 1 1
ramp/internal/ports/ports.go:59.20,62.3 1 0
ramp/internal/ports/ports.go:64.2,64.62 1 1
ramp/internal/ports/ports.go:64.62,66.3 1 0
ramp/internal/ports/ports.go:68.2,68.12 1 1
ramp/internal/ports/ports.go:71.41,73.69 1 11
ramp/internal/ports/ports.go:73.69,75.3 1 0
ramp/internal/ports/ports.go:77.2,78.16 2 11
ramp/internal/ports/ports.go:78.16,80.3 1 0
ramp/internal/ports/ports.go:82.2,82.62 1 11
ramp/internal/ports/ports.go:82.62,84.3 1 0
ramp/internal/ports/ports.go:86.2,86.12 1 11
ramp/internal/ports/ports.go:89.74,91.57 1 11
ramp/internal/ports/ports.go:91.57,93.3 1 1
ramp/internal/ports/ports.go:96.2,97.16 2 10
ramp/internal/ports/ports.go:97.16,99.3 1 1
ramp/internal/ports/ports.go:101.2,102.34 2 9
ramp/internal/ports/ports.go:102.34,104.3 1 0
ramp/internal/ports/ports.go:106.2,106.18 1 9
ramp/internal/ports/ports.go:109.66,110.55 1 2
ramp/internal/ports/ports.go:110.55,113.3 1 0
ramp/internal/ports/ports.go:115.2,116.34 2 2
ramp/internal/ports/ports.go:116.34,118.3 1 0
ramp/internal/ports/ports.go:120.2,120.12 1 2
ramp/internal/ports/ports.go:123.68,126.2 2 4
ramp/internal/ports/ports.go:128.56,131.38 2 10
ramp/internal/ports/ports.go:131.38,133.3 1 10
ramp/internal/ports/ports.go:134.2,137.66 2 10
ramp/internal/ports/ports.go:137.66,138.48 1 17
ramp/internal/ports/ports.go:138.48,140.4 1 9
ramp/internal/ports/ports.go:143.2,143.11 1 1
ramp/internal/ports/ports.go:146.78,147.44 1 17
ramp/internal/ports/ports.go:147.44,148.28 1 18
ramp/internal/ports/ports.go:148.28,150.4 1 8
ramp/internal/ports/ports.go:151.3,151.27 1 10
ramp/internal/ports/ports.go:151.27,153.9 1 2
ramp/internal/ports/ports.go:156.2,156.14 1 9
ramp/internal/ports/ports.go:159.61,161.44 2 0
ramp/internal/ports/ports.go:161.44,163.3 1 0
ramp/internal/ports/ports.go:164.2,164.15 1 0
ramp/internal/config/config.go:35.46,37.31 2 1
ramp/internal/config/config.go:37.31,40.3 2 3
ramp/internal/config/config.go:41.2,41.15 1 1
ramp/internal/config/config.go:44.43,46.2 1 2
ramp/internal/config/config.go:48.51,49.33 1 3
ramp/internal/config/config.go:49.33,50.23 1 3
ramp/internal/config/config.go:50.23,52.4 1 1
ramp/internal/config/config.go:54.2,54.12 1 2
ramp/internal/config/config.go:57.36,58.21 1 3
ramp/internal/config/config.go:58.21,60.3 1 2
ramp/internal/config/config.go:61.2,61.19 1 1
ramp/internal/config/config.go:64.36,65.21 1 3
ramp/internal/config/config.go:65.21,67.3 1 2
ramp/internal/config/config.go:68.2,68.19 1 1
ramp/internal/config/config.go:71.39,73.2 1 3
ramp/internal/config/config.go:75.46,77.37 1 12
ramp/internal/config/config.go:77.37,79.21 2 10
ramp/internal/config/config.go:79.21,81.4 1 10
ramp/internal/config/config.go:85.2,89.20 3 12
ramp/internal/config/config.go:89.20,91.3 1 12
ramp/internal/config/config.go:93.2,93.17 1 0
ramp/internal/config/config.go:96.53,100.16 3 5
ramp/internal/config/config.go:100.16,102.3 1 1
ramp/internal/config/config.go:104.2,105.54 2 4
ramp/internal/config/config.go:105.54,107.3 1 1
ramp/internal/config/config.go:109.2,109.21 1 3
ramp/internal/config/config.go:112.55,115.6 2 4
ramp/internal/config/config.go:115.6,119.48 3 10
ramp/internal/config/config.go:119.48,121.4 1 3
ramp/internal/config/config.go:123.3,124.20 2 7
ramp/internal/config/config.go:124.20,125.9 1 1
ramp/internal/config/config.go:127.3,127.15 1 6
ramp/internal/config/config.go:130.2,130.78 1 1
ramp/internal/config/config.go:134.54,137.2 2 2
ramp/internal/config/config.go:140.35,142.2 1 1
ramp/internal/config/config.go:146.41,147.26 1 5
ramp/internal/config/config.go:147.26,149.3 1 3
ramp/internal/config/config.go:150.2,150.23 1 2
ramp/internal/config/config.go:154.49,168.2 7 8
ramp/internal/config/config.go:171.55,176.51 3 3
ramp/internal/config/config.go:176.51,178.3 1 0
ramp/internal/config/config.go:181.2,187.24 3 3
ramp/internal/config/config.go:187.24,189.34 2 3
ramp/internal/config/config.go:189.34,192.31 3 4
ramp/internal/config/config.go:192.31,194.5 1 2
ramp/internal/config/config.go:196.3,196.32 1 3
ramp/internal/config/config.go:200.2,200.35 1 3
ramp/internal/config/config.go:200.35,202.3 1 2
ramp/internal/config/config.go:205.2,205.22 1 3
ramp/internal/config/config.go:205.22,207.3 1 1
ramp/internal/config/config.go:208.2,208.22 1 3
ramp/internal/config/config.go:208.22,210.3 1 1
ramp/internal/config/config.go:213.2,213.21 1 3
ramp/internal/config/config.go:213.21,215.3 1 2
ramp/internal/config/config.go:216.2,216.23 1 3
ramp/internal/config/config.go:216.23,218.3 1 1
ramp/internal/config/config.go:221.2,221.27 1 3
ramp/internal/config/config.go:221.27,223.36 2 1
ramp/internal/config/config.go:223.36,226.4 2 2
ramp/internal/config/config.go:230.2,230.85 1 3
ramp/internal/config/config.go:230.85,232.3 1 0
ramp/internal/config/config.go:234.2,234.12 1 3
ramp/internal/scaffold/scaffold.go:30.63,31.61 1 2
ramp/internal/scaffold/scaffold.go:31.61,33.3 1 0
ramp/internal/scaffold/scaffold.go:35.2,35.61 1 2
ramp/internal/scaffold/scaffold.go:35.61,37.3 1 0
ramp/internal/scaffold/scaffold.go:39.2,39.23 1 2
ramp/internal/scaffold/scaffold.go:39.23,40.69 1 1
ramp/internal/scaffold/scaffold.go:40.69,42.4 1 0
ramp/internal/scaffold/scaffold.go:45.2,45.25 1 2
ramp/internal/scaffold/scaffold.go:45.25,46.71 1 1
ramp/internal/scaffold/scaffold.go:46.71,48.4 1 0
ramp/internal/scaffold/scaffold.go:51.2,51.46 1 2
ramp/internal/scaffold/scaffold.go:51.46,52.80 1 2
ramp/internal/scaffold/scaffold.go:52.80,54.4 1 0
ramp/internal/scaffold/scaffold.go:57.2,57.12 1 2
ramp/internal/scaffold/scaffold.go:61.56,68.27 2 9
ramp/internal/scaffold/scaffold.go:68.27,69.48 1 27
ramp/internal/scaffold/scaffold.go:69.48,71.4 1 0
ramp/internal/scaffold/scaffold.go:74.2,74.12 1 9
ramp/internal/scaffold/scaffold.go:78.68,85.34 2 4
ramp/internal/scaffold/scaffold.go:85.34,92.3 2 6
ramp/internal/scaffold/scaffold.go:95.2,95.23 1 4
ramp/internal/scaffold/scaffold.go:95.23,97.3 1 2
ramp/internal/scaffold/scaffold.go:99.2,99.25 1 4
ramp/internal/scaffold/scaffold.go:99.25,101.3 1 2
ramp/internal/scaffold/scaffold.go:103.2,103.22 1 4
ramp/internal/scaffold/scaffold.go:103.22,106.3 2 2
ramp/internal/scaffold/scaffold.go:109.2,109.46 1 4
ramp/internal/scaffold/scaffold.go:109.46,114.3 1 4
ramp/internal/scaffold/scaffold.go:116.2,116.43 1 4
ramp/internal/scaffold/scaffold.go:120.69,124.2 3 3
ramp/internal/scaffold/scaffold.go:127.71,131.2 3 3
ramp/internal/scaffold/scaffold.go:134.84,138.2 3 4
ramp/internal/scaffold/scaffold.go:141.56,142.66 1 10
ramp/internal/scaffold/scaffold.go:142.66,144.3 1 0
ramp/internal/scaffold/scaffold.go:145.2,145.12 1 10
ramp/internal/scaffold/templates.go:11.51,13.29 2 4
ramp/internal/scaffold/templates.go:13.29,17.3 3 7
ramp/internal/scaffold/templates.go:19.2,43.2 1 4
ramp/internal/scaffold/templates.go:47.53,49.29 2 4
ramp/internal/scaffold/templates.go:49.29,53.3 3 6
ramp/internal/scaffold/templates.go:55.2,77.2 1 4
ramp/internal/scaffold/templates.go:81.73,83.29 2 5
ramp/internal/scaffold/templates.go:83.29,87.3 3 8
ramp/internal/scaffold/templates.go:89.2,106.2 1 5
ramp/internal/scaffold/templates.go:110.44,112.35 1 26
ramp/internal/scaffold/templates.go:112.35,114.21 2 25
ramp/internal/scaffold/templates.go:114.21,116.4 1 25
ramp/internal/scaffold/templates.go:120.2,124.20 3 26
ramp/internal/scaffold/templates.go:124.20,126.3 1 26
ramp/internal/scaffold/templates.go:128.2,128.15 1 0
ramp/main.go:7.13,9.2 1 0
ramp/internal/ui/ui.go:22.32,26.2 3 0
ramp/internal/ui/ui.go:28.44,29.13 1 0
ramp/internal/ui/ui.go:29.13,32.3 2 0
ramp/internal/ui/ui.go:33.2,34.19 2 0
ramp/internal/ui/ui.go:37.46,38.13 1 0
ramp/internal/ui/ui.go:38.13,41.3 2 0
ramp/internal/ui/ui.go:42.2,43.33 2 0
ramp/internal/ui/ui.go:46.46,47.13 1 0
ramp/internal/ui/ui.go:47.13,50.3 2 0
ramp/internal/ui/ui.go:51.2,52.38 2 0
ramp/internal/ui/ui.go:55.44,56.13 1 0
ramp/internal/ui/ui.go:56.13,59.3 2 0
ramp/internal/ui/ui.go:60.2,61.36 2 0
ramp/internal/ui/ui.go:64.43,65.13 1 0
ramp/internal/ui/ui.go:65.13,67.3 1 0
ramp/internal/ui/ui.go:71.29,72.14 1 0
ramp/internal/ui/ui.go:72.14,74.3 1 0
ramp/internal/ui/ui.go:78.45,79.13 1 0
ramp/internal/ui/ui.go:79.13,82.3 2 0
ramp/internal/ui/ui.go:83.2,83.34 1 0
ramp/internal/ui/ui.go:86.58,92.16 4 0
ramp/internal/ui/ui.go:92.16,94.3 1 0
ramp/internal/ui/ui.go:94.8,96.3 1 0
ramp/internal/ui/ui.go:98.2,98.12 1 0
ramp/internal/ui/ui.go:106.48,108.2 1 0
ramp/internal/ui/ui.go:110.48,112.2 1 0
ramp/internal/ui/ui.go:114.43,116.2 1 0
ramp/internal/ui/ui.go:118.40,119.25 1 0
ramp/internal/ui/ui.go:119.25,121.3 1 0
ramp/internal/ui/ui.go:122.2,122.25 1 0
ramp/internal/ui/ui.go:122.25,124.3 1 0
ramp/internal/ui/ui.go:127.66,128.13 1 0
ramp/internal/ui/ui.go:128.13,133.3 4 0
ramp/internal/ui/ui.go:135.2,144.16 7 0
ramp/internal/ui/ui.go:144.16,146.26 2 0
ramp/internal/ui/ui.go:146.26,149.4 2 0
ramp/internal/ui/ui.go:150.8,152.3 1 0
ramp/internal/ui/ui.go:154.2,154.12 1 0
ramp/cmd/down.go:28.47,30.46 2 0
ramp/cmd/down.go:30.46,33.4 2 0
ramp/cmd/down.go:37.13,39.2 1 0
ramp/cmd/down.go:41.40,43.16 2 0
ramp/cmd/down.go:43.16,45.3 1 0
ramp/cmd/down.go:47.2,48.16 2 0
ramp/cmd/down.go:48.16,50.3 1 0
ramp/cmd/down.go:52.2,53.16 2 0
ramp/cmd/down.go:53.16,55.3 1 0
ramp/cmd/down.go:58.2,58.61 1 0
ramp/cmd/down.go:58.61,60.3 1 0
ramp/cmd/down.go:63.2,68.53 3 0
ramp/cmd/down.go:68.53,70.3 1 0
ramp/cmd/down.go:72.2,78.16 5 0
ramp/cmd/down.go:78.16,80.3 1 0
ramp/cmd/down.go:82.2,82.20 1 0
ramp/cmd/down.go:82.20,83.36 1 0
ramp/cmd/down.go:83.36,86.4 2 0
ramp/cmd/down.go:90.2,90.23 1 0
ramp/cmd/down.go:90.23,91.99 1 0
ramp/cmd/down.go:91.99,93.4 1 0
ramp/cmd/down.go:97.2,98.32 2 0
ramp/cmd/down.go:98.32,102.29 3 0
ramp/cmd/down.go:102.29,106.50 2 0
ramp/cmd/down.go:106.50,107.78 1 0
ramp/cmd/down.go:107.78,110.6 2 0
ramp/cmd/down.go:110.11,114.6 2 0
ramp/cmd/down.go:117.5,118.68 2 0
ramp/cmd/down.go:118.68,120.6 1 0
ramp/cmd/down.go:121.10,125.5 2 0
ramp/cmd/down.go:128.4,129.64 2 0
ramp/cmd/down.go:129.64,131.5 1 0
ramp/cmd/down.go:134.4,134.50 1 0
ramp/cmd/down.go:134.50,136.5 1 0
ramp/cmd/down.go:141.2,143.16 3 0
ramp/cmd/down.go:143.16,145.3 1 0
ramp/cmd/down.go:145.8,146.66 1 0
ramp/cmd/down.go:146.66,148.4 1 0
ramp/cmd/down.go:148.9,150.4 1 0
ramp/cmd/down.go:154.2,155.47 2 0
ramp/cmd/down.go:155.47,158.3 2 0
ramp/cmd/down.go:160.2,161.12 2 0
ramp/cmd/down.go:164.84,166.26 2 0
ramp/cmd/down.go:166.26,168.49 2 0
ramp/cmd/down.go:168.49,169.34 1 0
ramp/cmd/down.go:169.34,171.19 2 0
ramp/cmd/down.go:171.19,173.6 1 0
ramp/cmd/down.go:174.5,174.19 1 0
ramp/cmd/down.go:174.19,179.6 4 0
ramp/cmd/down.go:183.2,183.19 1 0
ramp/cmd/down.go:186.47,195.2 6 0
ramp/cmd/down.go:197.73,200.55 2 0
ramp/cmd/down.go:200.55,202.3 1 0
ramp/cmd/down.go:205.2,219.16 10 0
ramp/cmd/down.go:219.16,221.3 1 0
ramp/cmd/down.go:223.2,224.16 2 0
ramp/cmd/down.go:224.16,226.3 1 0
ramp/cmd/down.go:228.2,228.66 1 0
ramp/cmd/down.go:228.66,230.3 1 0
ramp/cmd/down.go:232.2,233.32 2 0
ramp/cmd/down.go:233.32,237.3 3 0
ramp/cmd/down.go:239.2,239.18 1 0
ramp/cmd/down.go:242.110,245.55 2 0
ramp/cmd/down.go:245.55,247.3 1 0
ramp/cmd/down.go:250.2,262.16 8 0
ramp/cmd/down.go:262.16,264.3 1 0
ramp/cmd/down.go:266.2,267.16 2 0
ramp/cmd/down.go:267.16,269.3 1 0
ramp/cmd/down.go:271.2,271.66 1 0
ramp/cmd/down.go:271.66,273.3 1 0
ramp/cmd/down.go:275.2,276.32 2 0
ramp/cmd/down.go:276.32,280.3 3 0
ramp/cmd/down.go:282.2,283.48 2 0
ramp/cmd/init.go:26.47,27.35 1 0
ramp/cmd/init.go:27.35,30.4 2 0
ramp/cmd/init.go:34.13,36.2 1 0
ramp/cmd/init.go:38.22,40.16 2 0
ramp/cmd/init.go:40.16,42.3 1 0
ramp/cmd/init.go:45.2,45.49 1 0
ramp/cmd/init.go:45.49,47.3 1 0
ramp/cmd/init.go:50.2,54.16 3 0
ramp/cmd/init.go:54.16,56.3 1 0
ramp/cmd/init.go:59.2,59.64 1 0
ramp/cmd/init.go:59.64,61.3 1 0
ramp/cmd/init.go:64.2,67.47 2 0
ramp/cmd/init.go:67.47,69.3 1 0
ramp/cmd/init.go:71.2,71.12 1 0
ramp/cmd/init.go:74.52,76.47 2 0
ramp/cmd/init.go:76.47,78.3 1 0
ramp/cmd/init.go:79.2,79.12 1 0
ramp/cmd/init.go:82.28,87.2 4 0
ramp/cmd/init.go:89.66,96.61 3 0
ramp/cmd/init.go:96.61,98.3 1 0
ramp/cmd/init.go:101.2,101.51 1 0
ramp/cmd/init.go:101.51,103.3 1 0
ramp/cmd/init.go:106.2,106.55 1 0
ramp/cmd/init.go:106.55,108.3 1 0
ramp/cmd/init.go:111.2,111.53 1 0
ramp/cmd/init.go:111.53,113.3 1 0
ramp/cmd/init.go:115.2,115.18 1 0
ramp/cmd/init.go:118.77,136.35 4 0
ramp/cmd/init.go:136.35,138.3 1 0
ramp/cmd/init.go:141.2,141.23 1 0
ramp/cmd/init.go:141.23,143.3 1 0
ramp/cmd/init.go:144.2,144.24 1 0
ramp/cmd/init.go:144.24,146.3 1 0
ramp/cmd/init.go:148.2,151.12 3 0
ramp/cmd/init.go:154.60,157.6 2 0
ramp/cmd/init.go:157.6,159.17 2 0
ramp/cmd/init.go:159.17,161.4 1 0
ramp/cmd/init.go:162.3,177.46 5 0
ramp/cmd/init.go:177.46,179.4 1 0
ramp/cmd/init.go:181.3,181.18 1 0
ramp/cmd/init.go:181.18,182.9 1 0
ramp/cmd/init.go:186.2,186.26 1 0
ramp/cmd/init.go:186.26,188.3 1 0
ramp/cmd/init.go:190.2,190.12 1 0
ramp/cmd/init.go:193.62,203.35 3 0
ramp/cmd/init.go:203.35,204.17 1 0
ramp/cmd/init.go:204.17,206.7 1 0
ramp/cmd/init.go:207.6,207.16 1 0
ramp/cmd/init.go:212.2,212.35 1 0
ramp/cmd/init.go:212.35,214.3 1 0
ramp/cmd/init.go:216.2,219.18 3 0
ramp/cmd/init.go:222.64,254.35 6 0
ramp/cmd/init.go:254.35,256.3 1 0
ramp/cmd/init.go:258.2,263.17 4 0
ramp/cmd/init.go:263.17,270.36 1 0
ramp/cmd/init.go:270.36,271.18 1 0
ramp/cmd/init.go:271.18,273.8 1 0
ramp/cmd/init.go:274.7,275.21 2 0
ramp/cmd/init.go:275.21,277.8 1 0
ramp/cmd/init.go:278.7,278.38 1 0
ramp/cmd/init.go:278.38,280.8 1 0
ramp/cmd/init.go:281.7,281.17 1 0
ramp/cmd/init.go:286.3,286.40 1 0
ramp/cmd/init.go:286.40,288.4 1 0
ramp/cmd/init.go:290.3,291.24 2 0
ramp/cmd/init.go:291.24,293.4 1 0
ramp/cmd/init.go:294.3,294.27 1 0
ramp/cmd/init.go:297.2,297.12 1 0
ramp/cmd/init.go:300.62,315.45 3 0
ramp/cmd/init.go:315.45,317.3 1 0
ramp/cmd/init.go:319.2,319.15 1 0
ramp/cmd/init.go:319.15,321.3 1 0
ramp/cmd/init.go:323.2,323.12 1 0
ramp/cmd/init.go:326.72,333.78 7 0
ramp/cmd/init.go:333.78,335.24 2 0
ramp/cmd/init.go:335.24,337.4 1 0
ramp/cmd/init.go:338.3,338.26 1 0
ramp/cmd/init.go:338.26,340.4 1 0
ramp/cmd/init.go:341.3,341.43 1 0
ramp/cmd/init.go:341.43,342.85 1 0
ramp/cmd/init.go:342.85,344.5 1 0
ramp/cmd/init.go:344.10,346.5 1 0
ramp/cmd/init.go:349.2,356.23 8 0
ramp/cmd/init.go:356.23,359.3 2 0
ramp/cmd/init.go:360.2,360.34 1 0
ramp/cmd/init.go:360.34,363.3 2 0
ramp/cmd/init.go:364.2,367.34 4 0
ramp/cmd/init.go:367.34,370.3 2 0
ramp/cmd/init.go:371.2,371.15 1 0
ramp/cmd/init.go:374.50,388.35 3 0
ramp/cmd/init.go:388.35,390.3 1 0
ramp/cmd/init.go:392.2,392.20 1 0
ramp/cmd/init.go:392.20,394.3 1 0
ramp/cmd/init.go:397.2,398.16 2 0
ramp/cmd/init.go:398.16,400.3 1 0
ramp/cmd/init.go:403.2,404.46 2 0
ramp/cmd/install.go:22.47,23.38 1 0
ramp/cmd/install.go:23.38,26.4 2 0
ramp/cmd/install.go:30.13,32.2 1 0
ramp/cmd/install.go:35.69,37.29 2 0
ramp/cmd/install.go:37.29,39.30 2 0
ramp/cmd/install.go:39.30,41.4 1 0
ramp/cmd/install.go:43.2,43.13 1 0
ramp/cmd/install.go:47.71,48.41 1 0
ramp/cmd/install.go:48.41,50.3 1 0
ramp/cmd/install.go:52.2,55.46 4 0
ramp/cmd/install.go:58.25,60.16 2 0
ramp/cmd/install.go:60.16,62.3 1 0
ramp/cmd/install.go:64.2,65.16 2 0
ramp/cmd/install.go:65.16,67.3 1 0
ramp/cmd/install.go:69.2,70.16 2 0
ramp/cmd/install.go:70.16,72.3 1 0
ramp/cmd/install.go:74.2,74.46 1 0
ramp/cmd/install.go:77.72,85.32 6 0
ramp/cmd/install.go:85.32,90.66 2 0
ramp/cmd/install.go:90.66,93.4 2 0
ramp/cmd/install.go:95.3,95.29 1 0
ramp/cmd/install.go:95.29,97.12 2 0
ramp/cmd/install.go:100.3,102.52 3 0
ramp/cmd/install.go:102.52,105.4 2 0
ramp/cmd/install.go:108.2,109.12 2 0
ramp/cmd/prune.go:34.47,35.36 1 0
ramp/cmd/prune.go:35.36,38.4 2 0
ramp/cmd/prune.go:42.13,44.2 1 0
ramp/cmd/prune.go:52.23,54.16 2 0
ramp/cmd/prune.go:54.16,56.3 1 0
ramp/cmd/prune.go:58.2,59.16 2 0
ramp/cmd/prune.go:59.16,61.3 1 0
ramp/cmd/prune.go:63.2,64.16 2 0
ramp/cmd/prune.go:64.16,66.3 1 0
ramp/cmd/prune.go:69.2,69.61 1 0
ramp/cmd/prune.go:69.61,71.3 1 0
ramp/cmd/prune.go:73.2,78.16 4 0
ramp/cmd/prune.go:78.16,81.3 2 0
ramp/cmd/prune.go:83.2,87.30 3 0
ramp/cmd/prune.go:87.30,90.3 2 0
ramp/cmd/prune.go:93.2,96.40 2 0
ramp/cmd/prune.go:96.40,99.3 2 0
ramp/cmd/prune.go:101.2,107.41 4 0
ramp/cmd/prune.go:107.41,108.71 1 0
ramp/cmd/prune.go:108.71,110.4 1 0
ramp/cmd/prune.go:110.9,112.4 1 0
ramp/cmd/prune.go:116.2,119.12 3 0
ramp/cmd/prune.go:122.90,126.53 2 0
ramp/cmd/prune.go:126.53,128.3 1 0
ramp/cmd/prune.go:131.2,132.16 2 0
ramp/cmd/prune.go:132.16,134.3 1 0
ramp/cmd/prune.go:137.2,138.32 2 0
ramp/cmd/prune.go:138.32,139.20 1 0
ramp/cmd/prune.go:139.20,142.18 3 0
ramp/cmd/prune.go:142.18,143.13 1 0
ramp/cmd/prune.go:145.4,148.6 1 0
ramp/cmd/prune.go:153.2,153.43 1 0
ramp/cmd/prune.go:153.43,155.3 1 0
ramp/cmd/prune.go:158.2,161.35 3 0
ramp/cmd/prune.go:161.35,164.17 3 0
ramp/cmd/prune.go:164.17,165.12 1 0
ramp/cmd/prune.go:168.3,169.40 2 0
ramp/cmd/prune.go:169.40,170.21 1 0
ramp/cmd/prune.go:170.21,172.48 2 0
ramp/cmd/prune.go:172.48,175.6 2 0
ramp/cmd/prune.go:179.3,179.33 1 0
ramp/cmd/prune.go:179.33,180.12 1 0
ramp/cmd/prune.go:184.3,184.33 1 0
ramp/cmd/prune.go:184.33,190.4 1 0
ramp/cmd/prune.go:193.2,193.28 1 0
ramp/cmd/prune.go:196.62,199.35 2 0
ramp/cmd/prune.go:199.35,201.3 1 0
ramp/cmd/prune.go:204.35,212.2 5 0
ramp/cmd/prune.go:214.86,224.53 5 0
ramp/cmd/prune.go:224.53,227.3 2 0
ramp/cmd/prune.go:233.2,233.23 1 0
ramp/cmd/prune.go:233.23,234.82 1 0
ramp/cmd/prune.go:234.82,237.4 1 0
ramp/cmd/prune.go:241.2,242.32 2 0
ramp/cmd/prune.go:242.32,246.29 3 0
ramp/cmd/prune.go:246.29,250.50 2 0
ramp/cmd/prune.go:250.50,251.78 1 0
ramp/cmd/prune.go:251.78,253.6 1 0
ramp/cmd/prune.go:253.11,256.6 1 0
ramp/cmd/prune.go:259.5,259.68 1 0
ramp/cmd/prune.go:259.68,262.6 1 0
ramp/cmd/prune.go:263.10,266.5 1 0
ramp/cmd/prune.go:269.4,269.64 1 0
ramp/cmd/prune.go:269.64,272.5 1 0
ramp/cmd/prune.go:275.4,275.50 1 0
ramp/cmd/prune.go:275.51,277.5 0 0
ramp/cmd/prune.go:282.2,283.16 2 0
ramp/cmd/prune.go:283.16,285.3 1 0
ramp/cmd/prune.go:288.2,288.47 1 0
ramp/cmd/prune.go:288.47,291.3 2 0
ramp/cmd/prune.go:293.2,294.12 2 0
ramp/cmd/prune.go:297.78,300.55 2 0
ramp/cmd/prune.go:300.55,302.3 1 0
ramp/cmd/prune.go:305.2,309.90 2 0
ramp/cmd/prune.go:312.101,323.2 6 0
ramp/cmd/prune.go:325.91,336.16 7 0
ramp/cmd/prune.go:336.16,338.17 2 0
ramp/cmd/prune.go:338.17,339.68 1 0
ramp/cmd/prune.go:339.68,341.5 1 0
ramp/cmd/prune.go:344.3,345.33 2 0
ramp/cmd/prune.go:345.33,349.4 3 0
ramp/cmd/prune.go:352.2,352.12 1 0
ramp/cmd/prune.go:355.65,356.22 1 0
ramp/cmd/prune.go:356.22,358.3 1 0
ramp/cmd/prune.go:358.8,361.34 3 0
ramp/cmd/prune.go:361.34,363.4 1 0
ramp/cmd/prune.go:367.34,368.16 1 0
ramp/cmd/prune.go:368.16,370.3 1 0
ramp/cmd/prune.go:371.2,371.12 1 0
ramp/cmd/rebase.go:36.47,38.47 2 0
ramp/cmd/rebase.go:38.47,41.4 2 0
ramp/cmd/rebase.go:45.13,47.2 1 0
ramp/cmd/rebase.go:49.41,51.16 2 0
ramp/cmd/rebase.go:51.16,53.3 1 0
ramp/cmd/rebase.go:55.2,56.16 2 0
ramp/cmd/rebase.go:56.16,58.3 1 0
ramp/cmd/rebase.go:60.2,61.16 2 0
ramp/cmd/rebase.go:61.16,63.3 1 0
ramp/cmd/rebase.go:66.2,66.61 1 0
ramp/cmd/rebase.go:66.61,68.3 1 0
ramp/cmd/rebase.go:70.2,83.32 10 0
ramp/cmd/rebase.go:83.32,86.30 2 0
ramp/cmd/rebase.go:86.30,89.4 2 0
ramp/cmd/rebase.go:92.3,93.17 2 0
ramp/cmd/rebase.go:93.17,96.4 2 0
ramp/cmd/rebase.go:99.3,100.17 2 0
ramp/cmd/rebase.go:100.17,103.4 2 0
ramp/cmd/rebase.go:105.3,106.17 2 0
ramp/cmd/rebase.go:106.17,109.4 2 0
ramp/cmd/rebase.go:111.3,112.19 2 0
ramp/cmd/rebase.go:112.19,114.4 1 0
ramp/cmd/rebase.go:116.3,124.18 2 0
ramp/cmd/rebase.go:124.18,126.4 1 0
ramp/cmd/rebase.go:126.9,126.26 1 0
ramp/cmd/rebase.go:126.26,128.4 1 0
ramp/cmd/rebase.go:128.9,130.4 1 0
ramp/cmd/rebase.go:133.2,133.26 1 0
ramp/cmd/rebase.go:133.26,136.3 2 0
ramp/cmd/rebase.go:138.2,143.32 4 0
ramp/cmd/rebase.go:143.32,147.17 3 0
ramp/cmd/rebase.go:147.17,150.4 2 0
ramp/cmd/rebase.go:152.3,152.17 1 0
ramp/cmd/rebase.go:152.17,155.4 2 0
ramp/cmd/rebase.go:158.2,158.20 1 0
ramp/cmd/rebase.go:158.20,159.29 1 0
ramp/cmd/rebase.go:159.29,162.4 2 0
ramp/cmd/rebase.go:164.3,165.33 2 0
ramp/cmd/rebase.go:165.33,168.18 3 0
ramp/cmd/rebase.go:168.18,171.5 2 0
ramp/cmd/rebase.go:172.4,173.15 2 0
ramp/cmd/rebase.go:173.15,175.5 1 0
ramp/cmd/rebase.go:177.3,177.50 1 0
ramp/cmd/rebase.go:178.8,180.3 1 0
ramp/cmd/rebase.go:183.2,185.32 2 0
ramp/cmd/rebase.go:185.32,190.26 3 0
ramp/cmd/rebase.go:190.26,193.12 3 0
ramp/cmd/rebase.go:197.3,197.41 1 0
ramp/cmd/rebase.go:197.41,201.12 4 0
ramp/cmd/rebase.go:204.3,207.18 3 0
ramp/cmd/rebase.go:207.18,211.4 2 0
ramp/cmd/rebase.go:211.9,215.4 2 0
ramp/cmd/rebase.go:217.3,217.17 1 0
ramp/cmd/rebase.go:217.17,220.94 2 0
ramp/cmd/rebase.go:220.94,222.5 1 0
ramp/cmd/rebase.go:223.4,223.71 1 0
ramp/cmd/rebase.go:226.3,228.82 3 0
ramp/cmd/rebase.go:231.2,234.20 2 0
ramp/cmd/rebase.go:234.20,236.33 2 0
ramp/cmd/rebase.go:236.33,238.21 2 0
ramp/cmd/rebase.go:238.21,240.49 2 0
ramp/cmd/rebase.go:240.49,243.6 2 0
ramp/cmd/rebase.go:243.11,245.6 1 0
ramp/cmd/rebase.go:248.3,248.47 1 0
ramp/cmd/rebase.go:252.2,252.22 1 0
ramp/cmd/rebase.go:252.22,254.3 1 0
ramp/cmd/rebase.go:254.8,256.3 1 0
ramp/cmd/rebase.go:257.2,257.12 1 0
ramp/cmd/rebase.go:260.134,263.32 2 0
ramp/cmd/rebase.go:263.32,265.20 2 0
ramp/cmd/rebase.go:265.20,268.70 3 0
ramp/cmd/rebase.go:268.70,270.5 1 0
ramp/cmd/rebase.go:274.3,274.20 1 0
ramp/cmd/rebase.go:274.20,276.48 2 0
ramp/cmd/rebase.go:276.48,278.5 1 0
ramp/cmd/rebase.go:282.2,283.12 2 0
ramp/cmd/rebase.go:286.33,295.2 6 0
ramp/cmd/refresh.go:26.47,27.38 1 0
ramp/cmd/refresh.go:27.38,30.4 2 0
ramp/cmd/refresh.go:34.13,36.2 1 0
ramp/cmd/refresh.go:38.25,40.16 2 0
ramp/cmd/refresh.go:40.16,42.3 1 0
ramp/cmd/refresh.go:44.2,45.16 2 0
ramp/cmd/refresh.go:45.16,47.3 1 0
ramp/cmd/refresh.go:49.2,50.16 2 0
ramp/cmd/refresh.go:50.16,52.3 1 0
ramp/cmd/refresh.go:55.2,55.61 1 0
ramp/cmd/refresh.go:55.61,57.3 1 0
ramp/cmd/refresh.go:59.2,64.32 5 0
ramp/cmd/refresh.go:64.32,67.3 2 0
ramp/cmd/refresh.go:69.2,70.12 2 0
ramp/cmd/refresh.go:74.77,75.29 1 0
ramp/cmd/refresh.go:75.29,78.3 2 0
ramp/cmd/refresh.go:81.2,82.16 2 0
ramp/cmd/refresh.go:82.16,85.3 2 0
ramp/cmd/refresh.go:88.2,89.46 2 0
ramp/cmd/refresh.go:89.46,92.3 2 0
ramp/cmd/refresh.go:95.2,96.16 2 0
ramp/cmd/refresh.go:96.16,99.3 2 0
ramp/cmd/refresh.go:101.2,101.15 1 0
ramp/cmd/refresh.go:101.15,103.43 2 0
ramp/cmd/refresh.go:103.43,106.4 2 0
ramp/cmd/refresh.go:107.3,107.54 1 0
ramp/cmd/refresh.go:108.8,110.3 1 0
ramp/cmd/refresh.go:112.2,112.12 1 0
ramp/cmd/root.go:26.60,29.3 2 0
ramp/cmd/root.go:32.16,34.16 2 0
ramp/cmd/root.go:34.16,36.3 1 0
ramp/cmd/root.go:39.13,42.2 2 0
ramp/cmd/run.go:32.47,35.20 3 0
ramp/cmd/run.go:35.20,37.4 1 0
ramp/cmd/run.go:39.3,39.68 1 0
ramp/cmd/run.go:39.68,42.4 2 0
ramp/cmd/run.go:46.13,48.2 1 0
ramp/cmd/run.go:50.62,52.16 2 0
ramp/cmd/run.go:52.16,54.3 1 0
ramp/cmd/run.go:56.2,57.16 2 0
ramp/cmd/run.go:57.16,59.3 1 0
ramp/cmd/run.go:61.2,62.16 2 0
ramp/cmd/run.go:62.16,64.3 1 0
ramp/cmd/run.go:67.2,68.20 2 0
ramp/cmd/run.go:68.20,70.3 1 0
ramp/cmd/run.go:73.2,73.61 1 0
ramp/cmd/run.go:73.61,75.3 1 0
ramp/cmd/run.go:78.2,78.23 1 0
ramp/cmd/run.go:78.23,82.83 3 0
ramp/cmd/run.go:82.83,85.4 2 0
ramp/cmd/run.go:87.3,88.13 2 0
ramp/cmd/run.go:91.2,94.53 2 0
ramp/cmd/run.go:94.53,96.3 1 0
ramp/cmd/run.go:98.2,101.91 3 0
ramp/cmd/run.go:101.91,104.3 2 0
ramp/cmd/run.go:106.2,107.12 2 0
ramp/cmd/run.go:111.99,114.55 2 0
ramp/cmd/run.go:114.55,116.3 1 0
ramp/cmd/run.go:119.2,131.16 8 0
ramp/cmd/run.go:131.16,133.3 1 0
ramp/cmd/run.go:135.2,136.16 2 0
ramp/cmd/run.go:136.16,138.3 1 0
ramp/cmd/run.go:140.2,140.66 1 0
ramp/cmd/run.go:140.66,142.3 1 0
ramp/cmd/run.go:144.2,145.32 2 0
ramp/cmd/run.go:145.32,149.3 3 0
ramp/cmd/run.go:151.2,152.48 2 0
ramp/cmd/run.go:155.90,158.55 2 0
ramp/cmd/run.go:158.55,160.3 1 0
ramp/cmd/run.go:163.2,171.16 5 0
ramp/cmd/run.go:171.16,173.3 1 0
ramp/cmd/run.go:175.2,176.32 2 0
ramp/cmd/run.go:176.32,180.3 3 0
ramp/cmd/run.go:182.2,183.48 2 0
ramp/cmd/status.go:27.47,28.37 1 0
ramp/cmd/status.go:28.37,31.4 2 0
ramp/cmd/status.go:35.13,37.2 1 0
ramp/cmd/status.go:66.24,68.16 2 0
ramp/cmd/status.go:68.16,70.3 1 0
ramp/cmd/status.go:72.2,73.16 2 0
ramp/cmd/status.go:73.16,75.3 1 0
ramp/cmd/status.go:77.2,78.16 2 0
ramp/cmd/status.go:78.16,80.3 1 0
ramp/cmd/status.go:83.2,89.29 5 0
ramp/cmd/status.go:89.29,91.27 2 0
ramp/cmd/status.go:91.27,95.74 3 0
ramp/cmd/status.go:95.74,98.5 1 0
ramp/cmd/status.go:101.2,108.32 5 0
ramp/cmd/status.go:108.32,111.3 2 0
ramp/cmd/status.go:114.2,127.16 8 0
ramp/cmd/status.go:127.16,129.3 1 0
ramp/cmd/status.go:131.2,131.12 1 0
ramp/cmd/status.go:134.75,143.53 3 0
ramp/cmd/status.go:143.53,146.3 2 0
ramp/cmd/status.go:149.2,150.16 2 0
ramp/cmd/status.go:150.16,153.3 2 0
ramp/cmd/status.go:154.2,158.16 3 0
ramp/cmd/status.go:158.16,161.3 2 0
ramp/cmd/status.go:162.2,166.16 3 0
ramp/cmd/status.go:166.16,169.3 1 0
ramp/cmd/status.go:169.8,171.3 1 0
ramp/cmd/status.go:173.2,173.15 1 0
ramp/cmd/status.go:176.93,180.54 3 0
ramp/cmd/status.go:180.54,181.33 1 0
ramp/cmd/status.go:181.33,182.21 1 0
ramp/cmd/status.go:182.21,184.5 1 0
ramp/cmd/status.go:189.2,190.38 2 0
ramp/cmd/status.go:190.38,191.85 1 0
ramp/cmd/status.go:191.85,193.4 1 0
ramp/cmd/status.go:197.2,202.21 2 0
ramp/cmd/status.go:202.21,204.3 1 0
ramp/cmd/status.go:207.2,207.22 1 0
ramp/cmd/status.go:207.22,209.17 2 0
ramp/cmd/status.go:209.17,212.4 2 0
ramp/cmd/status.go:215.2,215.83 1 0
ramp/cmd/status.go:218.52,219.28 1 0
ramp/cmd/status.go:219.28,221.3 1 0
ramp/cmd/status.go:224.2,228.38 4 0
ramp/cmd/status.go:228.38,229.25 1 0
ramp/cmd/status.go:229.25,231.4 1 0
ramp/cmd/status.go:231.9,231.92 1 0
ramp/cmd/status.go:231.92,233.4 1 0
ramp/cmd/status.go:233.9,235.4 1 0
ramp/cmd/status.go:239.2,239.26 1 0
ramp/cmd/status.go:239.26,241.3 1 0
ramp/cmd/status.go:241.8,243.3 1 0
ramp/cmd/status.go:246.2,246.37 1 0
ramp/cmd/status.go:246.37,250.28 3 0
ramp/cmd/status.go:250.28,252.4 1 0
ramp/cmd/status.go:253.3,253.60 1 0
ramp/cmd/status.go:253.60,256.4 1 0
ramp/cmd/status.go:258.3,258.78 1 0
ramp/cmd/status.go:262.2,262.34 1 0
ramp/cmd/status.go:262.34,264.3 1 0
ramp/cmd/status.go:267.2,267.32 1 0
ramp/cmd/status.go:267.32,269.3 1 0
ramp/cmd/status.go:272.114,281.57 4 0
ramp/cmd/status.go:281.57,284.3 2 0
ramp/cmd/status.go:287.2,288.16 2 0
ramp/cmd/status.go:288.16,291.3 2 0
ramp/cmd/status.go:292.2,296.16 3 0
ramp/cmd/status.go:296.16,299.3 2 0
ramp/cmd/status.go:300.2,304.16 3 0
ramp/cmd/status.go:304.16,307.3 2 0
ramp/cmd/status.go:308.2,311.20 2 0
ramp/cmd/status.go:311.20,313.17 2 0
ramp/cmd/status.go:313.17,315.4 1 0
ramp/cmd/status.go:315.9,317.4 1 0
ramp/cmd/status.go:319.3,320.17 2 0
ramp/cmd/status.go:320.17,322.4 1 0
ramp/cmd/status.go:322.9,324.4 1 0
ramp/cmd/status.go:328.2,329.16 2 0
ramp/cmd/status.go:329.16,333.3 2 0
ramp/cmd/status.go:333.8,336.3 2 0
ramp/cmd/status.go:339.2,340.16 2 0
ramp/cmd/status.go:340.16,343.3 1 0
ramp/cmd/status.go:343.8,345.3 1 0
ramp/cmd/status.go:347.2,347.15 1 0
ramp/cmd/status.go:350.77,351.24 1 0
ramp/cmd/status.go:351.24,353.3 1 0
ramp/cmd/status.go:355.2,361.18 4 0
ramp/cmd/status.go:361.18,363.3 1 0
ramp/cmd/status.go:363.8,365.3 1 0
ramp/cmd/status.go:368.2,368.27 1 0
ramp/cmd/status.go:368.27,370.138 1 0
ramp/cmd/status.go:370.138,372.41 2 0
ramp/cmd/status.go:372.41,374.5 1 0
ramp/cmd/status.go:375.4,375.39 1 0
ramp/cmd/status.go:375.39,377.5 1 0
ramp/cmd/status.go:378.4,378.38 1 0
ramp/cmd/status.go:378.38,380.5 1 0
ramp/cmd/status.go:381.4,381.55 1 0
ramp/cmd/status.go:382.9,382.39 1 0
ramp/cmd/status.go:382.39,385.45 2 0
ramp/cmd/status.go:385.45,387.5 1 0
ramp/cmd/status.go:388.4,388.42 1 0
ramp/cmd/status.go:388.42,390.5 1 0
ramp/cmd/status.go:391.4,391.44 1 0
ramp/cmd/status.go:391.44,393.5 1 0
ramp/cmd/status.go:394.4,394.28 1 0
ramp/cmd/status.go:394.28,396.5 1 0
ramp/cmd/status.go:396.10,398.5 1 0
ramp/cmd/status.go:399.9,401.4 1 0
ramp/cmd/status.go:405.2,405.27 1 0
ramp/cmd/status.go:405.27,407.3 1 0
ramp/cmd/status.go:413.2,413.33 1 0
ramp/cmd/status.go:413.33,415.3 1 0
ramp/cmd/status.go:418.2,418.21 1 0
ramp/cmd/status.go:418.21,420.3 1 0
ramp/cmd/status.go:422.2,422.64 1 0
ramp/cmd/status.go:425.60,426.34 1 0
ramp/cmd/status.go:426.34,428.28 1 0
ramp/cmd/status.go:428.28,430.4 1 0
ramp/cmd/status.go:432.3,432.48 1 0
ramp/cmd/status.go:432.48,434.4 1 0
ramp/cmd/status.go:436.2,436.14 1 0
ramp/cmd/status.go:439.54,440.34 1 0
ramp/cmd/status.go:440.34,442.100 1 0
ramp/cmd/status.go:442.100,443.12 1 0
ramp/cmd/status.go:445.3,445.15 1 0
ramp/cmd/status.go:447.2,447.13 1 0
ramp/cmd/status.go:450.53,451.34 1 0
ramp/cmd/status.go:451.34,454.53 1 0
ramp/cmd/status.go:454.53,456.4 1 0
ramp/cmd/status.go:458.2,458.13 1 0
ramp/cmd/status.go:461.98,465.53 2 0
ramp/cmd/status.go:465.53,469.3 3 0
ramp/cmd/status.go:472.2,473.16 2 0
ramp/cmd/status.go:473.16,475.3 1 0
ramp/cmd/status.go:478.2,479.32 2 0
ramp/cmd/status.go:479.32,480.20 1 0
ramp/cmd/status.go:480.20,483.18 3 0
ramp/cmd/status.go:483.18,484.13 1 0
ramp/cmd/status.go:486.4,489.6 1 0
ramp/cmd/status.go:493.2,493.24 1 0
ramp/cmd/status.go:493.24,497.3 3 0
ramp/cmd/status.go:500.2,500.43 1 0
ramp/cmd/status.go:500.43,502.3 1 0
ramp/cmd/status.go:505.2,513.35 5 0
ramp/cmd/status.go:513.35,516.17 3 0
ramp/cmd/status.go:516.17,517.12 1 0
ramp/cmd/status.go:520.3,521.40 2 0
ramp/cmd/status.go:521.40,522.21 1 0
ramp/cmd/status.go:522.21,524.48 2 0
ramp/cmd/status.go:524.48,527.6 2 0
ramp/cmd/status.go:531.3,531.33 1 0
ramp/cmd/status.go:531.33,532.12 1 0
ramp/cmd/status.go:535.3,535.39 1 0
ramp/cmd/status.go:535.39,540.4 1 0
ramp/cmd/status.go:540.9,540.40 1 0
ramp/cmd/status.go:540.40,542.4 1 0
ramp/cmd/status.go:542.9,542.39 1 0
ramp/cmd/status.go:542.39,544.4 1 0
ramp/cmd/status.go:548.2,557.23 7 0
ramp/cmd/status.go:557.23,559.3 1 0
ramp/cmd/status.go:560.2,560.21 1 0
ramp/cmd/status.go:560.21,562.3 1 0
ramp/cmd/status.go:563.2,563.20 1 0
ramp/cmd/status.go:563.20,565.3 1 0
ramp/cmd/status.go:566.2,569.31 2 0
ramp/cmd/status.go:569.31,572.44 3 0
ramp/cmd/status.go:572.44,574.44 2 0
ramp/cmd/status.go:574.44,577.22 2 0
ramp/cmd/status.go:577.22,578.14 1 0
ramp/cmd/status.go:580.5,581.24 2 0
ramp/cmd/status.go:581.24,583.6 1 0
ramp/cmd/status.go:585.4,585.17 1 0
ramp/cmd/status.go:590.2,590.29 1 0
ramp/cmd/status.go:590.29,594.39 4 0
ramp/cmd/status.go:594.39,595.13 1 0
ramp/cmd/status.go:595.13,597.5 1 0
ramp/cmd/status.go:598.4,598.52 1 0
ramp/cmd/status.go:598.52,601.5 2 0
ramp/cmd/status.go:601.10,603.5 1 0
ramp/cmd/status.go:605.3,605.17 1 0
ramp/cmd/status.go:605.17,607.4 1 0
ramp/cmd/status.go:608.3,608.16 1 0
ramp/cmd/status.go:612.2,612.28 1 0
ramp/cmd/status.go:612.28,616.38 4 0
ramp/cmd/status.go:616.38,617.13 1 0
ramp/cmd/status.go:617.13,619.5 1 0
ramp/cmd/status.go:620.4,620.52 1 0
ramp/cmd/status.go:620.52,623.5 2 0
ramp/cmd/status.go:623.10,625.5 1 0
ramp/cmd/status.go:627.3,627.17 1 0
ramp/cmd/status.go:627.17,629.4 1 0
ramp/cmd/status.go:630.3,630.16 1 0
ramp/cmd/status.go:634.2,634.12 1 0
ramp/cmd/up.go:52.47,54.68 2 0
ramp/cmd/up.go:54.68,57.4 2 0
ramp/cmd/up.go:61.13,68.2 6 0
ramp/cmd/up.go:70.54,72.16 2 0
ramp/cmd/up.go:72.16,74.3 1 0
ramp/cmd/up.go:76.2,77.16 2 0
ramp/cmd/up.go:77.16,79.3 1 0
ramp/cmd/up.go:81.2,82.16 2 0
ramp/cmd/up.go:82.16,84.3 1 0
ramp/cmd/up.go:87.2,87.34 1 0
ramp/cmd/up.go:87.34,89.3 1 0
ramp/cmd/up.go:92.2,92.38 1 0
ramp/cmd/up.go:92.38,94.3 1 0
ramp/cmd/up.go:97.2,97.61 1 0
ramp/cmd/up.go:97.61,99.3 1 0
ramp/cmd/up.go:102.2,106.19 3 0
ramp/cmd/up.go:106.19,109.3 1 0
ramp/cmd/up.go:109.8,109.24 1 0
ramp/cmd/up.go:109.24,112.3 1 0
ramp/cmd/up.go:112.8,114.30 1 0
ramp/cmd/up.go:114.30,115.32 1 0
ramp/cmd/up.go:115.32,117.10 2 0
ramp/cmd/up.go:122.2,122.24 1 0
ramp/cmd/up.go:122.24,126.33 3 0
ramp/cmd/up.go:126.33,129.19 2 0
ramp/cmd/up.go:129.19,132.5 1 0
ramp/cmd/up.go:132.10,135.5 1 0
ramp/cmd/up.go:137.4,137.29 1 0
ramp/cmd/up.go:137.29,140.5 2 0
ramp/cmd/up.go:140.10,142.5 1 0
ramp/cmd/up.go:145.3,145.45 1 0
ramp/cmd/up.go:148.2,155.18 5 0
ramp/cmd/up.go:155.18,158.3 1 0
ramp/cmd/up.go:158.8,158.25 1 0
ramp/cmd/up.go:158.25,161.3 1 0
ramp/cmd/up.go:161.8,164.3 1 0
ramp/cmd/up.go:166.2,170.18 3 0
ramp/cmd/up.go:170.18,173.33 3 0
ramp/cmd/up.go:173.33,176.18 3 0
ramp/cmd/up.go:176.18,181.5 2 0
ramp/cmd/up.go:181.10,184.5 2 0
ramp/cmd/up.go:186.3,186.57 1 0
ramp/cmd/up.go:190.2,194.32 4 0
ramp/cmd/up.go:194.32,198.30 3 0
ramp/cmd/up.go:198.30,201.4 2 0
ramp/cmd/up.go:204.3,204.49 1 0
ramp/cmd/up.go:204.49,207.4 2 0
ramp/cmd/up.go:210.3,211.17 2 0
ramp/cmd/up.go:211.17,214.4 2 0
ramp/cmd/up.go:216.3,217.17 2 0
ramp/cmd/up.go:217.17,220.4 2 0
ramp/cmd/up.go:223.3,223.49 1 0
ramp/cmd/up.go:223.49,224.19 1 0
ramp/cmd/up.go:224.19,227.5 2 0
ramp/cmd/up.go:228.4,229.117 2 0
ramp/cmd/up.go:230.9,230.56 1 0
ramp/cmd/up.go:230.56,232.19 1 0
ramp/cmd/up.go:232.19,234.5 1 0
ramp/cmd/up.go:234.10,234.27 1 0
ramp/cmd/up.go:234.27,236.5 1 0
ramp/cmd/up.go:236.10,238.5 1 0
ramp/cmd/up.go:239.9,241.19 1 0
ramp/cmd/up.go:241.19,243.5 1 0
ramp/cmd/up.go:243.10,243.27 1 0
ramp/cmd/up.go:243.27,245.5 1 0
ramp/cmd/up.go:245.10,247.5 1 0
ramp/cmd/up.go:250.3,258.4 1 0
ramp/cmd/up.go:261.2,265.52 3 0
ramp/cmd/up.go:265.52,268.3 2 0
ramp/cmd/up.go:271.2,271.31 1 0
ramp/cmd/up.go:271.31,273.3 1 0
ramp/cmd/up.go:274.2,277.21 3 0
ramp/cmd/up.go:277.21,278.27 1 0
ramp/cmd/up.go:278.27,280.4 1 0
ramp/cmd/up.go:281.8,283.3 1 0
ramp/cmd/up.go:285.2,286.32 2 0
ramp/cmd/up.go:286.32,291.49 4 0
ramp/cmd/up.go:291.49,295.4 2 0
ramp/cmd/up.go:295.9,298.4 1 0
ramp/cmd/up.go:300.3,300.17 1 0
ramp/cmd/up.go:300.17,303.106 2 0
ramp/cmd/up.go:303.106,305.5 1 0
ramp/cmd/up.go:306.4,306.72 1 0
ramp/cmd/up.go:309.3,309.31 1 0
ramp/cmd/up.go:311.2,315.25 3 0
ramp/cmd/up.go:315.25,318.17 3 0
ramp/cmd/up.go:318.17,321.106 2 0
ramp/cmd/up.go:321.106,323.5 1 0
ramp/cmd/up.go:324.4,324.71 1 0
ramp/cmd/up.go:327.3,328.17 2 0
ramp/cmd/up.go:328.17,331.106 2 0
ramp/cmd/up.go:331.106,333.5 1 0
ramp/cmd/up.go:334.4,334.69 1 0
ramp/cmd/up.go:338.3,338.32 1 0
ramp/cmd/up.go:338.32,340.4 1 0
ramp/cmd/up.go:341.3,341.68 1 0
ramp/cmd/up.go:345.2,345.21 1 0
ramp/cmd/up.go:345.21,347.95 2 0
ramp/cmd/up.go:347.95,350.33 2 0
ramp/cmd/up.go:350.33,352.5 1 0
ramp/cmd/up.go:354.4,354.106 1 0
ramp/cmd/up.go:354.106,356.5 1 0
ramp/cmd/up.go:357.4,357.53 1 0
ramp/cmd/up.go:361.3,361.32 1 0
ramp/cmd/up.go:361.32,363.4 1 0
ramp/cmd/up.go:364.3,364.39 1 0
ramp/cmd/up.go:367.2,369.12 3 0
ramp/cmd/up.go:372.118,376.16 3 0
ramp/cmd/up.go:376.16,379.3 2 0
ramp/cmd/up.go:381.2,384.34 2 0
ramp/cmd/up.go:384.34,385.28 1 0
ramp/cmd/up.go:385.28,390.73 4 0
ramp/cmd/up.go:390.73,393.5 1 0
ramp/cmd/up.go:393.10,395.5 1 0
ramp/cmd/up.go:400.4,404.19 2 0
ramp/cmd/up.go:404.19,406.71 2 0
ramp/cmd/up.go:406.71,408.6 1 0
ramp/cmd/up.go:408.11,410.6 1 0
ramp/cmd/up.go:416.2,417.31 2 0
ramp/cmd/up.go:417.31,418.26 1 0
ramp/cmd/up.go:418.26,420.9 2 0
ramp/cmd/up.go:424.2,424.19 1 0
ramp/cmd/up.go:424.19,427.17 3 0
ramp/cmd/up.go:427.17,429.4 1 0
ramp/cmd/up.go:429.9,430.67 1 0
ramp/cmd/up.go:430.67,432.5 1 0
ramp/cmd/up.go:432.10,434.5 1 0
ramp/cmd/up.go:439.2,440.31 2 0
ramp/cmd/up.go:440.31,441.28 1 0
ramp/cmd/up.go:441.28,443.9 2 0
ramp/cmd/up.go:447.2,447.21 1 0
ramp/cmd/up.go:447.21,449.48 2 0
ramp/cmd/up.go:449.48,451.4 1 0
ramp/cmd/up.go:451.9,453.4 1 0
ramp/cmd/up.go:456.2,457.12 2 0
ramp/cmd/up.go:460.69,463.55 2 0
ramp/cmd/up.go:463.55,465.3 1 0
ramp/cmd/up.go:468.2,482.16 10 0
ramp/cmd/up.go:482.16,484.3 1 0
ramp/cmd/up.go:486.2,486.25 1 0
ramp/cmd/up.go:486.25,488.17 2 0
ramp/cmd/up.go:488.17,490.4 1 0
ramp/cmd/up.go:492.3,492.67 1 0
ramp/cmd/up.go:492.67,494.4 1 0
ramp/cmd/up.go:497.2,498.32 2 0
ramp/cmd/up.go:498.32,502.3 3 0
ramp/cmd/up.go:504.2,504.18 1 0
ramp/cmd/up.go:507.106,510.55 2 0
ramp/cmd/up.go:510.55,512.3 1 0
ramp/cmd/up.go:515.2,527.16 8 0
ramp/cmd/up.go:527.16,529.3 1 0
ramp/cmd/up.go:531.2,531.25 1 0
ramp/cmd/up.go:531.25,533.17 2 0
ramp/cmd/up.go:533.17,535.4 1 0
ramp/cmd/up.go:537.3,537.67 1 0
ramp/cmd/up.go:537.67,539.4 1 0
ramp/cmd/up.go:542.2,543.32 2 0
ramp/cmd/up.go:543.32,547.3 3 0
ramp/cmd/up.go:549.2,550.48 2 0
ramp/cmd/version.go:13.47,15.3 1 0
ramp/cmd/version.go:18.13,20.2 1 0
ramp/internal/git/git.go:13.43,14.65 1 0
ramp/internal/git/git.go:14.65,16.3 1 0
ramp/internal/git/git.go:18.2,21.64 3 0
ramp/internal/git/git.go:21.64,23.3 1 0
ramp/internal/git/git.go:25.2,25.12 1 0
ramp/internal/git/git.go:28.102,29.69 1 0
ramp/internal/git/git.go:29.69,31.3 1 0
ramp/internal/git/git.go:34.2,34.48 1 0
ramp/internal/git/git.go:34.48,36.3 1 0
ramp/internal/git/git.go:39.2,40.16 2 0
ramp/internal/git/git.go:40.16,42.3 1 0
ramp/internal/git/git.go:44.2,44.17 1 0
ramp/internal/git/git.go:44.17,46.3 1 0
ramp/internal/git/git.go:49.2,49.68 1 0
ramp/internal/git/git.go:49.68,51.3 1 0
ramp/internal/git/git.go:54.2,58.64 4 0
ramp/internal/git/git.go:58.64,60.3 1 0
ramp/internal/git/git.go:62.2,62.12 1 0
ramp/internal/git/git.go:65.78,66.69 1 0
ramp/internal/git/git.go:66.69,68.3 1 0
ramp/internal/git/git.go:71.2,71.48 1 0
ramp/internal/git/git.go:71.48,73.3 1 0
ramp/internal/git/git.go:76.2,77.16 2 0
ramp/internal/git/git.go:77.16,79.3 1 0
ramp/internal/git/git.go:81.2,82.16 2 0
ramp/internal/git/git.go:82.16,84.3 1 0
ramp/internal/git/git.go:86.2,89.17 3 0
ramp/internal/git/git.go:89.17,93.3 2 0
ramp/internal/git/git.go:93.8,93.25 1 0
ramp/internal/git/git.go:93.25,96.17 2 0
ramp/internal/git/git.go:96.17,98.4 1 0
ramp/internal/git/git.go:99.3,100.102 2 0
ramp/internal/git/git.go:101.8,105.3 2 0
ramp/internal/git/git.go:107.2,109.64 2 0
ramp/internal/git/git.go:109.64,111.3 1 0
ramp/internal/git/git.go:113.2,113.12 1 0
ramp/internal/git/git.go:116.70,122.16 4 0
ramp/internal/git/git.go:122.16,124.3 1 0
ramp/internal/git/git.go:126.2,127.29 2 0
ramp/internal/git/git.go:127.29,130.40 2 0
ramp/internal/git/git.go:130.40,131.12 1 0
ramp/internal/git/git.go:134.3,134.35 1 0
ramp/internal/git/git.go:134.35,136.4 1 0
ramp/internal/git/git.go:139.2,139.68 1 0
ramp/internal/git/git.go:142.61,144.16 2 2
ramp/internal/git/git.go:144.16,146.3 1 0
ramp/internal/git/git.go:147.2,147.11 1 2
ramp/internal/git/git.go:147.11,149.3 1 1
ramp/internal/git/git.go:151.2,151.48 1 1
ramp/internal/git/git.go:154.66,159.16 4 18
ramp/internal/git/git.go:159.16,161.3 1 0
ramp/internal/git/git.go:163.2,163.53 1 18
ramp/internal/git/git.go:166.67,172.16 4 9
ramp/internal/git/git.go:172.16,174.3 1 0
ramp/internal/git/git.go:176.2,177.29 2 9
ramp/internal/git/git.go:177.29,180.40 2 13
ramp/internal/git/git.go:180.40,181.12 1 0
ramp/internal/git/git.go:184.3,184.35 1 13
ramp/internal/git/git.go:184.35,186.4 1 2
ramp/internal/git/git.go:189.2,189.19 1 7
ramp/internal/git/git.go:192.58,197.16 4 5
ramp/internal/git/git.go:197.16,199.3 1 0
ramp/internal/git/git.go:201.2,201.53 1 5
ramp/internal/git/git.go:204.56,209.64 4 0
ramp/internal/git/git.go:209.64,211.3 1 0
ramp/internal/git/git.go:213.2,213.12 1 0
ramp/internal/git/git.go:216.53,221.64 4 0
ramp/internal/git/git.go:221.64,223.3 1 0
ramp/internal/git/git.go:225.2,225.12 1 0
ramp/internal/git/git.go:228.60,233.16 4 1
ramp/internal/git/git.go:233.16,235.3 1 0
ramp/internal/git/git.go:237.2,239.49 2 1
ramp/internal/git/git.go:239.49,241.3 1 1
ramp/internal/git/git.go:243.2,243.23 1 0
ramp/internal/git/git.go:246.55,251.16 4 2
ramp/internal/git/git.go:251.16,253.3 1 0
ramp/internal/git/git.go:255.2,255.47 1 2
ramp/internal/git/git.go:258.37,263.64 4 0
ramp/internal/git/git.go:263.64,265.3 1 0
ramp/internal/git/git.go:267.2,267.12 1 0
ramp/internal/git/git.go:270.42,274.34 3 0
ramp/internal/git/git.go:274.34,276.3 1 0
ramp/internal/git/git.go:278.2,278.12 1 0
ramp/internal/git/git.go:281.33,286.64 4 0
ramp/internal/git/git.go:286.64,288.3 1 0
ramp/internal/git/git.go:290.2,290.12 1 0
ramp/internal/git/git.go:293.60,298.16 4 5
ramp/internal/git/git.go:298.16,299.76 1 2
ramp/internal/git/git.go:299.76,301.4 1 2
ramp/internal/git/git.go:302.3,302.78 1 0
ramp/internal/git/git.go:305.2,305.18 1 3
ramp/internal/git/git.go:308.33,312.2 3 3
ramp/internal/git/git.go:314.49,319.64 4 0
ramp/internal/git/git.go:319.64,321.3 1 0
ramp/internal/git/git.go:323.2,323.12 1 0
ramp/internal/git/git.go:326.52,331.64 4 0
ramp/internal/git/git.go:331.64,333.3 1 0
ramp/internal/git/git.go:335.2,335.12 1 0
ramp/internal/git/git.go:338.39,343.64 4 0
ramp/internal/git/git.go:343.64,345.3 1 0
ramp/internal/git/git.go:347.2,347.12 1 0
ramp/internal/git/git.go:350.49,353.16 2 0
ramp/internal/git/git.go:353.16,355.3 1 0
ramp/internal/git/git.go:357.2,357.17 1 0
ramp/internal/git/git.go:357.17,359.3 1 0
ramp/internal/git/git.go:361.2,365.64 4 0
ramp/internal/git/git.go:365.64,367.3 1 0
ramp/internal/git/git.go:369.2,369.18 1 0
ramp/internal/git/git.go:372.37,377.64 4 0
ramp/internal/git/git.go:377.64,379.3 1 0
ramp/internal/git/git.go:381.2,381.12 1 0
ramp/internal/git/git.go:384.61,386.57 1 0
ramp/internal/git/git.go:386.57,388.3 1 0
ramp/internal/git/git.go:391.2,396.64 5 0
ramp/internal/git/git.go:396.64,398.3 1 0
ramp/internal/git/git.go:400.2,400.12 1 0
ramp/internal/git/git.go:403.63,406.16 2 0
ramp/internal/git/git.go:406.16,408.3 1 0
ramp/internal/git/git.go:410.2,410.17 1 0
ramp/internal/git/git.go:410.17,412.3 1 0
ramp/internal/git/git.go:415.2,415.41 1 0
ramp/internal/git/git.go:415.41,416.69 1 0
ramp/internal/git/git.go:416.69,418.4 1 0
ramp/internal/git/git.go:419.3,419.13 1 0
ramp/internal/git/git.go:423.2,424.16 2 0
ramp/internal/git/git.go:424.16,426.3 1 0
ramp/internal/git/git.go:428.2,428.18 1 0
ramp/internal/git/git.go:428.18,430.3 1 0
ramp/internal/git/git.go:432.2,432.86 1 0
ramp/internal/git/git.go:435.63,439.34 3 1
ramp/internal/git/git.go:439.34,441.3 1 0
ramp/internal/git/git.go:443.2,443.12 1 1
ramp/internal/git/git.go:446.83,448.42 1 5
ramp/internal/git/git.go:448.42,450.63 1 1
ramp/internal/git/git.go:450.63,452.4 1 0
ramp/internal/git/git.go:453.3,453.21 1 1
ramp/internal/git/git.go:457.2,457.35 1 4
ramp/internal/git/git.go:457.35,459.17 2 0
ramp/internal/git/git.go:459.17,461.4 1 0
ramp/internal/git/git.go:462.3,462.18 1 0
ramp/internal/git/git.go:462.18,464.4 1 0
ramp/internal/git/git.go:465.3,465.63 1 0
ramp/internal/git/git.go:469.2,470.16 2 4
ramp/internal/git/git.go:470.16,472.3 1 0
ramp/internal/git/git.go:473.2,473.17 1 4
ramp/internal/git/git.go:473.17,475.3 1 1
ramp/internal/git/git.go:477.2,478.16 2 3
ramp/internal/git/git.go:478.16,480.3 1 0
ramp/internal/git/git.go:481.2,481.18 1 3
ramp/internal/git/git.go:481.18,483.3 1 0
ramp/internal/git/git.go:486.2,488.16 3 3
ramp/internal/git/git.go:488.16,490.3 1 0
ramp/internal/git/git.go:491.2,491.17 1 3
ramp/internal/git/git.go:491.17,493.3 1 1
ramp/internal/git/git.go:495.2,496.16 2 2
ramp/internal/git/git.go:496.16,498.3 1 0
ramp/internal/git/git.go:499.2,499.18 1 2
ramp/internal/git/git.go:499.18,501.3 1 1
ramp/internal/git/git.go:503.2,503.103 1 1
ramp/internal/git/git.go:506.62,509.16 2 3
ramp/internal/git/git.go:509.16,511.3 1 0
ramp/internal/git/git.go:513.2,513.16 1 3
ramp/internal/git/git.go:513.16,515.3 1 1
ramp/internal/git/git.go:518.2,522.16 4 2
ramp/internal/git/git.go:522.16,525.3 1 0
ramp/internal/git/git.go:527.2,530.21 3 2
ramp/internal/git/git.go:530.21,532.3 1 0
ramp/internal/git/git.go:534.2,537.35 3 2
ramp/internal/git/git.go:537.35,539.3 1 1
ramp/internal/git/git.go:541.2,542.18 2 1
ramp/internal/git/git.go:542.18,544.3 1 1
ramp/internal/git/git.go:545.2,545.19 1 1
ramp/internal/git/git.go:545.19,547.3 1 0
ramp/internal/git/git.go:549.2,549.66 1 1
ramp/internal/git/git.go:552.55,558.16 4 3
ramp/internal/git/git.go:558.16,561.53 2 0
ramp/internal/git/git.go:561.53,563.4 1 0
ramp/internal/git/git.go:567.2,568.30 2 3
ramp/internal/git/git.go:568.30,570.3 1 1
ramp/internal/git/git.go:573.2,574.32 2 2
ramp/internal/git/git.go:574.32,576.3 1 1
ramp/internal/git/git.go:579.2,579.20 1 1
ramp/internal/git/git.go:582.93,588.16 4 3
ramp/internal/git/git.go:588.16,590.3 1 0
ramp/internal/git/git.go:592.2,595.21 3 3
ramp/internal/git/git.go:595.21,597.3 1 0
ramp/internal/git/git.go:599.2,602.21 3 3
ramp/internal/git/git.go:602.21,604.3 1 2
ramp/internal/git/git.go:605.2,605.21 1 3
ramp/internal/git/git.go:605.21,607.3 1 1
ramp/internal/git/git.go:609.2,609.27 1 3
ramp/internal/git/git.go:612.67,619.16 4 2
ramp/internal/git/git.go:619.16,620.74 1 1
ramp/internal/git/git.go:620.74,623.4 1 1
ramp/internal/git/git.go:625.3,625.68 1 0
ramp/internal/git/git.go:629.2,629.18 1 1
ramp/internal/git/git.go:644.55,649.16 4 2
ramp/internal/git/git.go:649.16,651.3 1 0
ramp/internal/git/git.go:653.2,656.21 3 2
ramp/internal/git/git.go:656.21,658.3 1 1
ramp/internal/git/git.go:661.2,663.46 2 1
ramp/internal/git/git.go:663.46,667.21 3 1
ramp/internal/git/git.go:667.21,669.4 1 1
ramp/internal/git/git.go:672.2,672.45 1 1
ramp/internal/git/git.go:672.45,676.21 3 1
ramp/internal/git/git.go:676.21,678.4 1 1
ramp/internal/git/git.go:681.2,681.19 1 1
ramp/internal/git/git.go:684.59,689.16 4 4
ramp/internal/git/git.go:689.16,691.3 1 0
ramp/internal/git/git.go:693.2,696.29 3 4
ramp/internal/git/git.go:696.29,697.20 1 4
ramp/internal/git/git.go:697.20,698.12 1 1
ramp/internal/git/git.go:704.3,707.27 3 3
ramp/internal/git/git.go:707.27,709.4 1 1
ramp/internal/git/git.go:709.9,709.34 1 2
ramp/internal/git/git.go:709.34,711.4 1 2
ramp/internal/git/git.go:711.9,711.34 1 0
ramp/internal/git/git.go:711.34,713.4 1 0
ramp/internal/git/git.go:716.2,716.19 1 4
